<?xml version="1.0" encoding="UTF-8"?>
<!-- Generated by org.testng.reporters.JUnitReportReporter -->
<testsuite hostname="LAPTOP-6AD6A1J0" failures="0" tests="2" name="runner.RunCuke" time="19.198" errors="0" timestamp="21 Jul 2020 11:43:33 GMT" skipped="0">
  <testcase classname="runner.RunCuke" name="scenario" time="9.278"/>
  <testcase classname="runner.RunCuke" name="scenario" time="9.920"/>
</testsuite> <!-- runner.RunCuke -->
